2020-05-26 14:45:30,147 - DEBUG - cli - pcluster CLI starting
2020-05-26 14:45:30,154 - DEBUG - cli - Namespace(command='configure', config_file=None, func=<function configure at 0x7fcc9d7eac20>)
2020-05-26 14:45:30,154 - DEBUG - pcluster_config - Specified configuration file /home/ec2-user/.parallelcluster/config doesn't exist.
2020-05-26 14:45:30,154 - DEBUG - param_types - Setting default value 'us-east-1' for key 'aws_region_name'
2020-05-26 14:45:30,154 - DEBUG - param_types - Setting default value 'ssh {CFN_USER}@{MASTER_IP} {ARGS}' for key 'ssh'
2020-05-26 14:45:30,154 - DEBUG - param_types - Setting default value 'default' for key 'cluster_template'
2020-05-26 14:45:30,155 - DEBUG - param_types - Setting default value 'True' for key 'update_check'
2020-05-26 14:45:30,155 - DEBUG - param_types - Setting default value 'True' for key 'sanity_check'
2020-05-26 14:45:30,155 - DEBUG - param_types - Setting default value 'compute' for key 'placement'
2020-05-26 14:45:30,155 - DEBUG - param_types - Setting default value 't2.micro' for key 'master_instance_type'
2020-05-26 14:45:30,155 - DEBUG - param_types - Setting default value '25' for key 'master_root_volume_size'
2020-05-26 14:45:30,155 - DEBUG - param_types - Setting default value 't2.micro' for key 'compute_instance_type'
2020-05-26 14:45:30,155 - DEBUG - param_types - Setting default value '25' for key 'compute_root_volume_size'
2020-05-26 14:45:30,155 - DEBUG - param_types - Setting default value '10' for key 'max_queue_size'
2020-05-26 14:45:30,155 - DEBUG - param_types - Setting default value '4' for key 'desired_vcpus'
2020-05-26 14:45:30,155 - DEBUG - param_types - Setting default value '10' for key 'max_vcpus'
2020-05-26 14:45:30,155 - DEBUG - param_types - Setting default value 'ondemand' for key 'cluster_type'
2020-05-26 14:45:30,155 - DEBUG - param_types - Setting default value '/shared' for key 'shared_dir'
2020-05-26 14:45:30,155 - DEBUG - param_types - Setting default value '/scratch' for key 'ephemeral_dir'
2020-05-26 14:45:30,155 - DEBUG - param_types - Initializing default Section '[scaling_settings default]'
2020-05-26 14:45:30,155 - DEBUG - param_types - Setting default value '10' for key 'scaledown_idletime'
2020-05-26 14:45:30,156 - DEBUG - param_types - Initializing default Section '[vpc_settings default]'
2020-05-26 14:45:30,156 - DEBUG - param_types - Setting default value '0.0.0.0/0' for key 'ssh_from'
2020-05-26 14:45:30,156 - DEBUG - param_types - Setting default value 'True' for key 'use_public_ips'
